  [4;36;1mSQL (0.2ms)[0m   [0;1mSET NAMES 'utf8'[0m
  [4;35;1mSQL (0.1ms)[0m   [0mSET SQL_AUTO_IS_NULL=0[0m
  [4;36;1mSQL (55.8ms)[0m   [0;1mSHOW TABLES[0m
  [4;35;1mSQL (255.8ms)[0m   [0mCREATE TABLE `schema_migrations` (`version` varchar(255) NOT NULL) ENGINE=InnoDB[0m
  [4;36;1mSQL (78.2ms)[0m   [0;1mCREATE UNIQUE INDEX `unique_schema_migrations` ON `schema_migrations` (`version`)[0m
  [4;35;1mSQL (0.7ms)[0m   [0mSHOW TABLES[0m
  [4;36;1mSQL (1.1ms)[0m   [0;1mSELECT version FROM schema_migrations[0m
Migrating to CreateMuestras (20100325015002)
  [4;35;1mSQL (55.4ms)[0m   [0mCREATE TABLE `muestras` (`id` int(11) DEFAULT NULL auto_increment PRIMARY KEY, `nom` varchar(255), `dato` varchar(255), `created_at` datetime, `updated_at` datetime) ENGINE=InnoDB[0m
  [4;36;1mSQL (2.1ms)[0m   [0;1mINSERT INTO schema_migrations (version) VALUES ('20100325015002')[0m
  [4;35;1mSQL (0.7ms)[0m   [0mSHOW TABLES[0m
  [4;36;1mSQL (0.3ms)[0m   [0;1mSELECT version FROM schema_migrations[0m
  [4;35;1mSQL (0.4ms)[0m   [0mSHOW TABLES[0m
  [4;36;1mSQL (4.7ms)[0m   [0;1mSHOW FIELDS FROM `muestras`[0m
  [4;35;1mSQL (1.1ms)[0m   [0mdescribe `muestras`[0m
  [4;36;1mSQL (0.7ms)[0m   [0;1mSHOW KEYS FROM `muestras`[0m
  [4;36;1mSQL (0.2ms)[0m   [0;1mSET NAMES 'utf8'[0m
  [4;35;1mSQL (0.1ms)[0m   [0mSET SQL_AUTO_IS_NULL=0[0m


Processing ApplicationController#index (for 127.0.0.1 at 2010-03-24 20:53:26) [GET]

ActionController::RoutingError (No route matches "/muestra" with {:method=>:get}):
  

Rendering rescues/layout (not_found)
  [4;36;1mSQL (0.2ms)[0m   [0;1mSET NAMES 'utf8'[0m
  [4;35;1mSQL (0.2ms)[0m   [0mSET SQL_AUTO_IS_NULL=0[0m


Processing MuestrasController#index (for 127.0.0.1 at 2010-03-24 20:53:28) [GET]
  [4;36;1mMuestra Load (0.9ms)[0m   [0;1mSELECT * FROM `muestras` [0m
Rendering template within layouts/muestras
Rendering muestras/index
Completed in 165ms (View: 118, DB: 1) | 200 OK [http://localhost/muestras]
  [4;35;1mSQL (0.2ms)[0m   [0mSET NAMES 'utf8'[0m
  [4;36;1mSQL (0.2ms)[0m   [0;1mSET SQL_AUTO_IS_NULL=0[0m


Processing MuestrasController#show (for 127.0.0.1 at 2010-03-24 20:53:32) [GET]
  Parameters: {"id"=>"otra"}
  [4;35;1mMuestra Columns (2.4ms)[0m   [0mSHOW FIELDS FROM `muestras`[0m
  [4;36;1mMuestra Load (1.0ms)[0m   [0;1mSELECT * FROM `muestras` WHERE (`muestras`.`id` = 0) [0m

ActiveRecord::RecordNotFound (Couldn't find Muestra with ID=otra):
  app/controllers/muestras_controller.rb:24:in `show'

Rendered rescues/_trace (96.2ms)
Rendered rescues/_request_and_response (2.1ms)
Rendering rescues/layout (not_found)
  [4;35;1mSQL (0.1ms)[0m   [0mSET NAMES 'utf8'[0m
  [4;36;1mSQL (0.1ms)[0m   [0;1mSET SQL_AUTO_IS_NULL=0[0m


Processing MuestrasController#show (for 127.0.0.1 at 2010-03-24 20:53:36) [GET]
  Parameters: {"id"=>"otrass"}
  [4;35;1mMuestra Columns (32.2ms)[0m   [0mSHOW FIELDS FROM `muestras`[0m
  [4;36;1mMuestra Load (0.2ms)[0m   [0;1mSELECT * FROM `muestras` WHERE (`muestras`.`id` = 0) [0m

ActiveRecord::RecordNotFound (Couldn't find Muestra with ID=otrass):
  app/controllers/muestras_controller.rb:24:in `show'

Rendered rescues/_trace (110.3ms)
Rendered rescues/_request_and_response (0.6ms)
Rendering rescues/layout (not_found)
  [4;35;1mSQL (0.2ms)[0m   [0mSET NAMES 'utf8'[0m
  [4;36;1mSQL (0.2ms)[0m   [0;1mSET SQL_AUTO_IS_NULL=0[0m


Processing MuestrasController#show (for 127.0.0.1 at 2010-03-24 20:53:38) [GET]
  Parameters: {"id"=>"otras"}
  [4;35;1mMuestra Columns (1.1ms)[0m   [0mSHOW FIELDS FROM `muestras`[0m
  [4;36;1mMuestra Load (0.2ms)[0m   [0;1mSELECT * FROM `muestras` WHERE (`muestras`.`id` = 0) [0m

ActiveRecord::RecordNotFound (Couldn't find Muestra with ID=otras):
  app/controllers/muestras_controller.rb:24:in `show'

Rendered rescues/_trace (65.4ms)
Rendered rescues/_request_and_response (0.5ms)
Rendering rescues/layout (not_found)
  [4;35;1mSQL (0.1ms)[0m   [0mSET NAMES 'utf8'[0m
  [4;36;1mSQL (0.2ms)[0m   [0;1mSET SQL_AUTO_IS_NULL=0[0m


Processing MuestrasController#show (for 127.0.0.1 at 2010-03-24 20:53:58) [GET]
  Parameters: {"id"=>"otra"}
  [4;35;1mMuestra Columns (24.4ms)[0m   [0mSHOW FIELDS FROM `muestras`[0m
  [4;36;1mMuestra Load (2.5ms)[0m   [0;1mSELECT * FROM `muestras` WHERE (`muestras`.`id` = 0) [0m

ActiveRecord::RecordNotFound (Couldn't find Muestra with ID=otra):
  app/controllers/muestras_controller.rb:24:in `show'

Rendered rescues/_trace (117.1ms)
Rendered rescues/_request_and_response (0.5ms)
Rendering rescues/layout (not_found)
  [4;35;1mSQL (0.2ms)[0m   [0mSET NAMES 'utf8'[0m
  [4;36;1mSQL (0.2ms)[0m   [0;1mSET SQL_AUTO_IS_NULL=0[0m


Processing MuestrasController#new (for 127.0.0.1 at 2010-03-24 20:54:01) [GET]
  [4;35;1mMuestra Columns (1.6ms)[0m   [0mSHOW FIELDS FROM `muestras`[0m
Rendering template within layouts/muestras
Rendering muestras/new
Completed in 87ms (View: 47, DB: 2) | 200 OK [http://localhost/muestras/new]
  [4;36;1mSQL (0.2ms)[0m   [0;1mSET NAMES 'utf8'[0m
  [4;35;1mSQL (0.2ms)[0m   [0mSET SQL_AUTO_IS_NULL=0[0m


Processing MuestrasController#show (for 127.0.0.1 at 2010-03-24 20:54:05) [GET]
  Parameters: {"id"=>"otra"}
  [4;36;1mMuestra Columns (13.6ms)[0m   [0;1mSHOW FIELDS FROM `muestras`[0m
  [4;35;1mMuestra Load (6.2ms)[0m   [0mSELECT * FROM `muestras` WHERE (`muestras`.`id` = 0) [0m

ActiveRecord::RecordNotFound (Couldn't find Muestra with ID=otra):
  app/controllers/muestras_controller.rb:24:in `show'

Rendered rescues/_trace (164.8ms)
Rendered rescues/_request_and_response (0.5ms)
Rendering rescues/layout (not_found)
  [4;36;1mSQL (0.2ms)[0m   [0;1mSET NAMES 'utf8'[0m
  [4;35;1mSQL (0.2ms)[0m   [0mSET SQL_AUTO_IS_NULL=0[0m


Processing MuestrasController#index (for 127.0.0.1 at 2010-03-24 20:54:12) [GET]
  [4;36;1mMuestra Load (28.8ms)[0m   [0;1mSELECT * FROM `muestras` [0m
Rendering template within layouts/muestras
Rendering muestras/index
Completed in 46ms (View: 3, DB: 29) | 200 OK [http://localhost/muestras]
  [4;35;1mSQL (0.2ms)[0m   [0mSET NAMES 'utf8'[0m
  [4;36;1mSQL (0.2ms)[0m   [0;1mSET SQL_AUTO_IS_NULL=0[0m


Processing MuestrasController#show (for 127.0.0.1 at 2010-03-24 20:54:35) [GET]
  Parameters: {"id"=>"otra"}
  [4;35;1mMuestra Columns (8.9ms)[0m   [0mSHOW FIELDS FROM `muestras`[0m
  [4;36;1mMuestra Load (14.7ms)[0m   [0;1mSELECT * FROM `muestras` WHERE (`muestras`.`id` = 0) [0m

ActiveRecord::RecordNotFound (Couldn't find Muestra with ID=otra):
  app/controllers/muestras_controller.rb:24:in `show'

Rendered rescues/_trace (95.4ms)
Rendered rescues/_request_and_response (0.5ms)
Rendering rescues/layout (not_found)
  [4;35;1mSQL (0.2ms)[0m   [0mSET NAMES 'utf8'[0m
  [4;36;1mSQL (0.2ms)[0m   [0;1mSET SQL_AUTO_IS_NULL=0[0m


Processing MuestrasController#otra (for 127.0.0.1 at 2010-03-24 20:54:40) [GET]
  Parameters: {"id"=>"1"}
  [4;35;1mMuestra Load (0.4ms)[0m   [0mSELECT * FROM `muestras` [0m
Rendering template within layouts/muestras
Rendering muestras/otra
Completed in 107ms (View: 37, DB: 1) | 200 OK [http://localhost/muestras/otra/1]
  [4;36;1mSQL (0.1ms)[0m   [0;1mSET NAMES 'utf8'[0m
  [4;35;1mSQL (0.1ms)[0m   [0mSET SQL_AUTO_IS_NULL=0[0m


Processing ApplicationController#index (for 127.0.0.1 at 2010-03-24 20:54:41) [GET]

ActionController::RoutingError (No route matches "/muestras/otra/fancybox/jquery.mousewheel-3.0.2.pack.js" with {:method=>:get}):
  

Rendering rescues/layout (not_found)
  [4;36;1mSQL (0.1ms)[0m   [0;1mSET NAMES 'utf8'[0m
  [4;35;1mSQL (0.3ms)[0m   [0mSET SQL_AUTO_IS_NULL=0[0m


Processing ApplicationController#index (for 127.0.0.1 at 2010-03-24 20:54:41) [GET]

ActionController::RoutingError (No route matches "/muestras/otra/fancybox/jquery.fancybox-1.3.1.js" with {:method=>:get}):
  

Rendering rescues/layout (not_found)
  [4;36;1mSQL (0.1ms)[0m   [0;1mSET NAMES 'utf8'[0m
  [4;35;1mSQL (2.7ms)[0m   [0mSET SQL_AUTO_IS_NULL=0[0m


Processing ApplicationController#index (for 127.0.0.1 at 2010-03-24 20:54:41) [GET]

ActionController::RoutingError (No route matches "/muestras/otra/fancybox/jquery.fancybox-1.3.1.css" with {:method=>:get}):
  

Rendering rescues/layout (not_found)
  [4;36;1mSQL (0.1ms)[0m   [0;1mSET NAMES 'utf8'[0m
  [4;35;1mSQL (0.2ms)[0m   [0mSET SQL_AUTO_IS_NULL=0[0m


Processing MuestrasController#otra to css (for 127.0.0.1 at 2010-03-24 20:54:41) [GET]
  Parameters: {"id"=>"style"}
  [4;36;1mMuestra Load (20.1ms)[0m   [0;1mSELECT * FROM `muestras` [0m

ActionView::MissingTemplate (Missing template muestras/otra.erb in view path app/views):
  

Rendering rescues/layout (internal_server_error)
  [4;35;1mSQL (0.1ms)[0m   [0mSET NAMES 'utf8'[0m
  [4;36;1mSQL (0.2ms)[0m   [0;1mSET SQL_AUTO_IS_NULL=0[0m


Processing ApplicationController#index (for 127.0.0.1 at 2010-03-24 20:54:41) [GET]

ActionController::RoutingError (No route matches "/muestras/otra/example/1_s.jpg" with {:method=>:get}):
  

Rendering rescues/layout (not_found)
  [4;35;1mSQL (0.2ms)[0m   [0mSET NAMES 'utf8'[0m
  [4;36;1mSQL (0.2ms)[0m   [0;1mSET SQL_AUTO_IS_NULL=0[0m


Processing ApplicationController#index (for 127.0.0.1 at 2010-03-24 20:54:41) [GET]

ActionController::RoutingError (No route matches "/muestras/otra/example/2_s.jpg" with {:method=>:get}):
  

Rendering rescues/layout (not_found)
  [4;35;1mSQL (0.1ms)[0m   [0mSET NAMES 'utf8'[0m
  [4;36;1mSQL (0.2ms)[0m   [0;1mSET SQL_AUTO_IS_NULL=0[0m


Processing ApplicationController#index (for 127.0.0.1 at 2010-03-24 20:54:41) [GET]

ActionController::RoutingError (No route matches "/muestras/otra/example/3_s.jpg" with {:method=>:get}):
  

Rendering rescues/layout (not_found)
  [4;35;1mSQL (0.2ms)[0m   [0mSET NAMES 'utf8'[0m
  [4;36;1mSQL (0.2ms)[0m   [0;1mSET SQL_AUTO_IS_NULL=0[0m


Processing ApplicationController#index (for 127.0.0.1 at 2010-03-24 20:54:41) [GET]

ActionController::RoutingError (No route matches "/muestras/otra/example/4_s.jpg" with {:method=>:get}):
  

Rendering rescues/layout (not_found)
  [4;35;1mSQL (0.1ms)[0m   [0mSET NAMES 'utf8'[0m
  [4;36;1mSQL (0.2ms)[0m   [0;1mSET SQL_AUTO_IS_NULL=0[0m


Processing ApplicationController#index (for 127.0.0.1 at 2010-03-24 20:54:41) [GET]

ActionController::RoutingError (No route matches "/muestras/otra/example/5_s.jpg" with {:method=>:get}):
  

Rendering rescues/layout (not_found)
  [4;35;1mSQL (0.1ms)[0m   [0mSET NAMES 'utf8'[0m
  [4;36;1mSQL (0.2ms)[0m   [0;1mSET SQL_AUTO_IS_NULL=0[0m


Processing ApplicationController#index (for 127.0.0.1 at 2010-03-24 20:54:41) [GET]

ActionController::RoutingError (No route matches "/muestras/otra/example/6_s.jpg" with {:method=>:get}):
  

Rendering rescues/layout (not_found)
  [4;35;1mSQL (0.2ms)[0m   [0mSET NAMES 'utf8'[0m
  [4;36;1mSQL (0.2ms)[0m   [0;1mSET SQL_AUTO_IS_NULL=0[0m


Processing ApplicationController#index (for 127.0.0.1 at 2010-03-24 20:54:41) [GET]

ActionController::RoutingError (No route matches "/muestras/otra/example/7_s.jpg" with {:method=>:get}):
  

Rendering rescues/layout (not_found)
  [4;35;1mSQL (0.3ms)[0m   [0mSET NAMES 'utf8'[0m
  [4;36;1mSQL (0.2ms)[0m   [0;1mSET SQL_AUTO_IS_NULL=0[0m


Processing ApplicationController#index (for 127.0.0.1 at 2010-03-24 20:54:41) [GET]

ActionController::RoutingError (No route matches "/muestras/otra/example/8_s.jpg" with {:method=>:get}):
  

Rendering rescues/layout (not_found)
  [4;35;1mSQL (0.1ms)[0m   [0mSET NAMES 'utf8'[0m
  [4;36;1mSQL (0.2ms)[0m   [0;1mSET SQL_AUTO_IS_NULL=0[0m


Processing ApplicationController#index (for 127.0.0.1 at 2010-03-24 20:54:41) [GET]

ActionController::RoutingError (No route matches "/muestras/otra/example/9_s.jpg" with {:method=>:get}):
  

Rendering rescues/layout (not_found)
  [4;35;1mSQL (0.2ms)[0m   [0mSET NAMES 'utf8'[0m
  [4;36;1mSQL (0.2ms)[0m   [0;1mSET SQL_AUTO_IS_NULL=0[0m


Processing MuestrasController#otra (for 127.0.0.1 at 2010-03-24 20:56:29) [GET]
  Parameters: {"id"=>"1"}
  [4;35;1mMuestra Load (0.3ms)[0m   [0mSELECT * FROM `muestras` [0m
Rendering template within layouts/muestras
Rendering muestras/otra
Completed in 59ms (View: 25, DB: 1) | 200 OK [http://localhost/muestras/otra/1]
  [4;36;1mSQL (0.2ms)[0m   [0;1mSET NAMES 'utf8'[0m
  [4;35;1mSQL (0.2ms)[0m   [0mSET SQL_AUTO_IS_NULL=0[0m


Processing ApplicationController#index (for 127.0.0.1 at 2010-03-24 20:56:30) [GET]

ActionController::RoutingError (No route matches "/muestras/otra/fancybox/jquery.mousewheel-3.0.2.pack.js" with {:method=>:get}):
  

Rendering rescues/layout (not_found)
  [4;36;1mSQL (0.2ms)[0m   [0;1mSET NAMES 'utf8'[0m
  [4;35;1mSQL (0.2ms)[0m   [0mSET SQL_AUTO_IS_NULL=0[0m


Processing ApplicationController#index (for 127.0.0.1 at 2010-03-24 20:56:30) [GET]

ActionController::RoutingError (No route matches "/muestras/otra/fancybox/jquery.fancybox-1.3.1.js" with {:method=>:get}):
  

Rendering rescues/layout (not_found)
  [4;36;1mSQL (0.2ms)[0m   [0;1mSET NAMES 'utf8'[0m
  [4;35;1mSQL (0.2ms)[0m   [0mSET SQL_AUTO_IS_NULL=0[0m


Processing ApplicationController#index (for 127.0.0.1 at 2010-03-24 20:56:30) [GET]

ActionController::RoutingError (No route matches "/muestras/otra/fancybox/jquery.fancybox-1.3.1.css" with {:method=>:get}):
  

Rendering rescues/layout (not_found)
  [4;36;1mSQL (0.1ms)[0m   [0;1mSET NAMES 'utf8'[0m
  [4;35;1mSQL (0.1ms)[0m   [0mSET SQL_AUTO_IS_NULL=0[0m


Processing MuestrasController#otra to css (for 127.0.0.1 at 2010-03-24 20:56:30) [GET]
  Parameters: {"id"=>"style"}
  [4;36;1mMuestra Load (0.3ms)[0m   [0;1mSELECT * FROM `muestras` [0m

ActionView::MissingTemplate (Missing template muestras/otra.erb in view path app/views):
  

Rendering rescues/layout (internal_server_error)
  [4;35;1mSQL (7.3ms)[0m   [0mSET NAMES 'utf8'[0m
  [4;36;1mSQL (0.3ms)[0m   [0;1mSET SQL_AUTO_IS_NULL=0[0m


Processing MuestrasController#otra (for 127.0.0.1 at 2010-03-24 20:57:55) [GET]
  Parameters: {"id"=>"1"}
  [4;35;1mMuestra Load (1.2ms)[0m   [0mSELECT * FROM `muestras` [0m
Rendering template within layouts/muestras
Rendering muestras/otra
Completed in 132ms (View: 103, DB: 9) | 200 OK [http://localhost/muestras/otra/1]
  [4;36;1mSQL (0.2ms)[0m   [0;1mSET NAMES 'utf8'[0m
  [4;35;1mSQL (0.1ms)[0m   [0mSET SQL_AUTO_IS_NULL=0[0m


Processing ApplicationController#index (for 127.0.0.1 at 2010-03-24 20:57:55) [GET]

ActionController::RoutingError (No route matches "/public/javascripts/jquery.fancybox-1.3.1/fancyboxjquery.mousewheel-3.0.2.pack.js" with {:method=>:get}):
  

Rendering rescues/layout (not_found)
  [4;36;1mSQL (0.2ms)[0m   [0;1mSET NAMES 'utf8'[0m
  [4;35;1mSQL (0.1ms)[0m   [0mSET SQL_AUTO_IS_NULL=0[0m


Processing ApplicationController#index (for 127.0.0.1 at 2010-03-24 20:57:55) [GET]

ActionController::RoutingError (No route matches "/public/javascripts/jquery.fancybox-1.3.1/fancyboxjquery.fancybox-1.3.1.js" with {:method=>:get}):
  

Rendering rescues/layout (not_found)
  [4;36;1mSQL (0.1ms)[0m   [0;1mSET NAMES 'utf8'[0m
  [4;35;1mSQL (2.5ms)[0m   [0mSET SQL_AUTO_IS_NULL=0[0m


Processing ApplicationController#index (for 127.0.0.1 at 2010-03-24 20:57:55) [GET]

ActionController::RoutingError (No route matches "/public/javascripts/jquery.fancybox-1.3.1/fancyboxjquery.fancybox-1.3.1.css" with {:method=>:get}):
  

Rendering rescues/layout (not_found)
  [4;36;1mSQL (0.1ms)[0m   [0;1mSET NAMES 'utf8'[0m
  [4;35;1mSQL (0.1ms)[0m   [0mSET SQL_AUTO_IS_NULL=0[0m


Processing ApplicationController#index (for 127.0.0.1 at 2010-03-24 20:57:55) [GET]

ActionController::RoutingError (No route matches "/public/javascripts/jquery.fancybox-1.3.1/style.css" with {:method=>:get}):
  

Rendering rescues/layout (not_found)
  [4;36;1mSQL (0.5ms)[0m   [0;1mSET NAMES 'utf8'[0m
  [4;35;1mSQL (0.2ms)[0m   [0mSET SQL_AUTO_IS_NULL=0[0m


Processing MuestrasController#otra (for 127.0.0.1 at 2010-03-24 21:00:38) [GET]
  Parameters: {"id"=>"1"}
  [4;36;1mMuestra Load (8.0ms)[0m   [0;1mSELECT * FROM `muestras` [0m
Rendering template within layouts/muestras
Rendering muestras/otra
Completed in 79ms (View: 34, DB: 9) | 200 OK [http://localhost/muestras/otra/1]
  [4;35;1mSQL (0.1ms)[0m   [0mSET NAMES 'utf8'[0m
  [4;36;1mSQL (0.1ms)[0m   [0;1mSET SQL_AUTO_IS_NULL=0[0m


Processing ApplicationController#index (for 127.0.0.1 at 2010-03-24 21:00:39) [GET]

ActionController::RoutingError (No route matches "/public/javascripts/jquery.fancybox-1.3.1/fancyboxjquery.mousewheel-3.0.2.pack.js" with {:method=>:get}):
  

Rendering rescues/layout (not_found)
  [4;35;1mSQL (0.1ms)[0m   [0mSET NAMES 'utf8'[0m
  [4;36;1mSQL (0.1ms)[0m   [0;1mSET SQL_AUTO_IS_NULL=0[0m


Processing ApplicationController#index (for 127.0.0.1 at 2010-03-24 21:00:39) [GET]

ActionController::RoutingError (No route matches "/public/javascripts/jquery.fancybox-1.3.1/fancyboxjquery.fancybox-1.3.1.js" with {:method=>:get}):
  

Rendering rescues/layout (not_found)
  [4;35;1mSQL (0.1ms)[0m   [0mSET NAMES 'utf8'[0m
  [4;36;1mSQL (0.1ms)[0m   [0;1mSET SQL_AUTO_IS_NULL=0[0m


Processing ApplicationController#index (for 127.0.0.1 at 2010-03-24 21:00:39) [GET]

ActionController::RoutingError (No route matches "/public/javascripts/jquery.fancybox-1.3.1/fancyboxjquery.fancybox-1.3.1.css" with {:method=>:get}):
  

Rendering rescues/layout (not_found)
  [4;35;1mSQL (0.1ms)[0m   [0mSET NAMES 'utf8'[0m
  [4;36;1mSQL (0.2ms)[0m   [0;1mSET SQL_AUTO_IS_NULL=0[0m


Processing ApplicationController#index (for 127.0.0.1 at 2010-03-24 21:00:39) [GET]

ActionController::RoutingError (No route matches "/public/stylesheets/style.css" with {:method=>:get}):
  

Rendering rescues/layout (not_found)
  [4;35;1mSQL (0.2ms)[0m   [0mSET NAMES 'utf8'[0m
  [4;36;1mSQL (0.2ms)[0m   [0;1mSET SQL_AUTO_IS_NULL=0[0m


Processing ApplicationController#index (for 127.0.0.1 at 2010-03-24 21:01:10) [GET]

ActionController::RoutingError (No route matches "/public/stylesheets/ajax.txt" with {:method=>:get}):
  

Rendering rescues/layout (not_found)
  [4;35;1mSQL (0.1ms)[0m   [0mSET NAMES 'utf8'[0m
  [4;36;1mSQL (0.1ms)[0m   [0;1mSET SQL_AUTO_IS_NULL=0[0m


Processing MuestrasController#otra (for 127.0.0.1 at 2010-03-24 21:01:41) [GET]
  Parameters: {"id"=>"1"}
  [4;35;1mMuestra Load (0.2ms)[0m   [0mSELECT * FROM `muestras` [0m
Rendering template within layouts/muestras
Rendering muestras/otra
Completed in 39ms (View: 21, DB: 0) | 200 OK [http://localhost/muestras/otra/1]
  [4;36;1mSQL (0.1ms)[0m   [0;1mSET NAMES 'utf8'[0m
  [4;35;1mSQL (0.1ms)[0m   [0mSET SQL_AUTO_IS_NULL=0[0m


Processing ApplicationController#index (for 127.0.0.1 at 2010-03-24 21:01:42) [GET]

ActionController::RoutingError (No route matches "/public/javascripts/jquery.fancybox-1.3.1/fancyboxjquery.mousewheel-3.0.2.pack.js" with {:method=>:get}):
  

Rendering rescues/layout (not_found)
  [4;36;1mSQL (0.1ms)[0m   [0;1mSET NAMES 'utf8'[0m
  [4;35;1mSQL (0.1ms)[0m   [0mSET SQL_AUTO_IS_NULL=0[0m


Processing ApplicationController#index (for 127.0.0.1 at 2010-03-24 21:01:42) [GET]

ActionController::RoutingError (No route matches "/public/javascripts/jquery.fancybox-1.3.1/fancyboxjquery.fancybox-1.3.1.js" with {:method=>:get}):
  

Rendering rescues/layout (not_found)
  [4;36;1mSQL (0.1ms)[0m   [0;1mSET NAMES 'utf8'[0m
  [4;35;1mSQL (0.2ms)[0m   [0mSET SQL_AUTO_IS_NULL=0[0m


Processing ApplicationController#index (for 127.0.0.1 at 2010-03-24 21:01:42) [GET]

ActionController::RoutingError (No route matches "/public/javascripts/jquery.fancybox-1.3.1/fancyboxjquery.fancybox-1.3.1.css" with {:method=>:get}):
  

Rendering rescues/layout (not_found)
  [4;36;1mSQL (0.1ms)[0m   [0;1mSET NAMES 'utf8'[0m
  [4;35;1mSQL (0.1ms)[0m   [0mSET SQL_AUTO_IS_NULL=0[0m


Processing MuestrasController#otra (for 127.0.0.1 at 2010-03-24 21:02:54) [GET]
  Parameters: {"id"=>"1"}
  [4;36;1mMuestra Load (1.2ms)[0m   [0;1mSELECT * FROM `muestras` [0m
Rendering template within layouts/muestras
Rendering muestras/otra
Completed in 28ms (View: 11, DB: 1) | 200 OK [http://localhost/muestras/otra/1]
  [4;35;1mSQL (0.2ms)[0m   [0mSET NAMES 'utf8'[0m
  [4;36;1mSQL (0.1ms)[0m   [0;1mSET SQL_AUTO_IS_NULL=0[0m


Processing ApplicationController#index (for 127.0.0.1 at 2010-03-24 21:02:54) [GET]

ActionController::RoutingError (No route matches "/javascripts/jquery.fancybox-1.3.1/fancyboxjquery.mousewheel-3.0.2.pack.js" with {:method=>:get}):
  

Rendering rescues/layout (not_found)
  [4;35;1mSQL (0.1ms)[0m   [0mSET NAMES 'utf8'[0m
  [4;36;1mSQL (0.1ms)[0m   [0;1mSET SQL_AUTO_IS_NULL=0[0m


Processing ApplicationController#index (for 127.0.0.1 at 2010-03-24 21:02:54) [GET]

ActionController::RoutingError (No route matches "/javascripts/jquery.fancybox-1.3.1/fancyboxjquery.fancybox-1.3.1.js" with {:method=>:get}):
  

Rendering rescues/layout (not_found)
  [4;35;1mSQL (0.1ms)[0m   [0mSET NAMES 'utf8'[0m
  [4;36;1mSQL (0.2ms)[0m   [0;1mSET SQL_AUTO_IS_NULL=0[0m


Processing ApplicationController#index (for 127.0.0.1 at 2010-03-24 21:02:54) [GET]

ActionController::RoutingError (No route matches "/javascripts/jquery.fancybox-1.3.1/fancyboxjquery.fancybox-1.3.1.css" with {:method=>:get}):
  

Rendering rescues/layout (not_found)
  [4;35;1mSQL (0.4ms)[0m   [0mSET NAMES 'utf8'[0m
  [4;36;1mSQL (0.3ms)[0m   [0;1mSET SQL_AUTO_IS_NULL=0[0m


Processing MuestrasController#otra (for 127.0.0.1 at 2010-03-24 21:17:13) [GET]
  Parameters: {"id"=>"1"}
  [4;35;1mMuestra Load (4.9ms)[0m   [0mSELECT * FROM `muestras` [0m
Rendering template within layouts/muestras
Rendering muestras/otra
Completed in 61ms (View: 27, DB: 6) | 200 OK [http://localhost/muestras/otra/1]
  [4;36;1mSQL (0.2ms)[0m   [0;1mSET NAMES 'utf8'[0m
  [4;35;1mSQL (0.2ms)[0m   [0mSET SQL_AUTO_IS_NULL=0[0m


Processing ApplicationController#index (for 127.0.0.1 at 2010-03-24 21:17:14) [GET]

ActionController::RoutingError (No route matches "/javascripts/jquery.fancybox-1.3.1/fancyboxjquery.mousewheel-3.0.2.pack.js" with {:method=>:get}):
  

Rendering rescues/layout (not_found)
  [4;36;1mSQL (0.2ms)[0m   [0;1mSET NAMES 'utf8'[0m
  [4;35;1mSQL (0.3ms)[0m   [0mSET SQL_AUTO_IS_NULL=0[0m


Processing ApplicationController#index (for 127.0.0.1 at 2010-03-24 21:17:14) [GET]

ActionController::RoutingError (No route matches "/javascripts/jquery.fancybox-1.3.1/fancyboxjquery.fancybox-1.3.1.js" with {:method=>:get}):
  

Rendering rescues/layout (not_found)
  [4;36;1mSQL (0.1ms)[0m   [0;1mSET NAMES 'utf8'[0m
  [4;35;1mSQL (0.2ms)[0m   [0mSET SQL_AUTO_IS_NULL=0[0m


Processing ApplicationController#index (for 127.0.0.1 at 2010-03-24 21:17:14) [GET]

ActionController::RoutingError (No route matches "/javascripts/jquery.fancybox-1.3.1/fancyboxjquery.fancybox-1.3.1.css" with {:method=>:get}):
  

Rendering rescues/layout (not_found)
  [4;36;1mSQL (0.2ms)[0m   [0;1mSET NAMES 'utf8'[0m
  [4;35;1mSQL (0.2ms)[0m   [0mSET SQL_AUTO_IS_NULL=0[0m


Processing MuestrasController#otra (for 127.0.0.1 at 2010-03-24 21:20:00) [GET]
  Parameters: {"id"=>"1"}
  [4;36;1mMuestra Load (0.3ms)[0m   [0;1mSELECT * FROM `muestras` [0m
Rendering template within layouts/muestras
Rendering muestras/otra
Completed in 143ms (View: 114, DB: 1) | 200 OK [http://localhost/muestras/otra/1]
  [4;35;1mSQL (0.1ms)[0m   [0mSET NAMES 'utf8'[0m
  [4;36;1mSQL (0.1ms)[0m   [0;1mSET SQL_AUTO_IS_NULL=0[0m


Processing ApplicationController#index (for 127.0.0.1 at 2010-03-24 21:20:01) [GET]

ActionController::RoutingError (No route matches "/javascripts/jquery.fancybox-1.3.1/fancyboxjquery.mousewheel-3.0.2.pack.js" with {:method=>:get}):
  

Rendering rescues/layout (not_found)
  [4;35;1mSQL (0.1ms)[0m   [0mSET NAMES 'utf8'[0m
  [4;36;1mSQL (0.1ms)[0m   [0;1mSET SQL_AUTO_IS_NULL=0[0m


Processing ApplicationController#index (for 127.0.0.1 at 2010-03-24 21:20:01) [GET]

ActionController::RoutingError (No route matches "/javascripts/jquery.fancybox-1.3.1/fancyboxjquery.fancybox-1.3.1.js" with {:method=>:get}):
  

Rendering rescues/layout (not_found)
  [4;35;1mSQL (0.1ms)[0m   [0mSET NAMES 'utf8'[0m
  [4;36;1mSQL (0.9ms)[0m   [0;1mSET SQL_AUTO_IS_NULL=0[0m


Processing ApplicationController#index (for 127.0.0.1 at 2010-03-24 21:20:01) [GET]

ActionController::RoutingError (No route matches "/javascripts/jquery.fancybox-1.3.1/fancyboxjquery.fancybox-1.3.1.css" with {:method=>:get}):
  

Rendering rescues/layout (not_found)
  [4;35;1mSQL (0.3ms)[0m   [0mSET NAMES 'utf8'[0m
  [4;36;1mSQL (0.2ms)[0m   [0;1mSET SQL_AUTO_IS_NULL=0[0m


Processing MuestrasController#otra (for 127.0.0.1 at 2010-03-24 21:26:12) [GET]
  Parameters: {"id"=>"1"}
  [4;35;1mMuestra Load (0.6ms)[0m   [0mSELECT * FROM `muestras` [0m
Rendering template within layouts/muestras
Rendering muestras/otra
Completed in 47ms (View: 21, DB: 1) | 200 OK [http://localhost/muestras/otra/1]
  [4;36;1mSQL (0.2ms)[0m   [0;1mSET NAMES 'utf8'[0m
  [4;35;1mSQL (0.2ms)[0m   [0mSET SQL_AUTO_IS_NULL=0[0m


Processing ApplicationController#index (for 127.0.0.1 at 2010-03-24 21:26:18) [GET]

ActionController::RoutingError (No route matches "/javascripts/jquery.fancybox-1.3.1/fancyboxjquery.mousewheel-3.0.2.pack.js" with {:method=>:get}):
  

Rendering rescues/layout (not_found)
  [4;36;1mSQL (0.1ms)[0m   [0;1mSET NAMES 'utf8'[0m
  [4;35;1mSQL (0.1ms)[0m   [0mSET SQL_AUTO_IS_NULL=0[0m


Processing ApplicationController#index (for 127.0.0.1 at 2010-03-24 21:26:18) [GET]

ActionController::RoutingError (No route matches "/javascripts/jquery.fancybox-1.3.1/fancyboxjquery.fancybox-1.3.1.js" with {:method=>:get}):
  

Rendering rescues/layout (not_found)
  [4;36;1mSQL (0.2ms)[0m   [0;1mSET NAMES 'utf8'[0m
  [4;35;1mSQL (0.2ms)[0m   [0mSET SQL_AUTO_IS_NULL=0[0m


Processing ApplicationController#index (for 127.0.0.1 at 2010-03-24 21:26:18) [GET]

ActionController::RoutingError (No route matches "/javascripts/jquery.fancybox-1.3.1/fancyboxjquery.fancybox-1.3.1.css" with {:method=>:get}):
  

Rendering rescues/layout (not_found)
  [4;36;1mSQL (0.2ms)[0m   [0;1mSET NAMES 'utf8'[0m
  [4;35;1mSQL (0.7ms)[0m   [0mSET SQL_AUTO_IS_NULL=0[0m


Processing MuestrasController#otra (for 127.0.0.1 at 2010-03-24 21:30:17) [GET]
  Parameters: {"id"=>"1"}
  [4;36;1mMuestra Load (0.4ms)[0m   [0;1mSELECT * FROM `muestras` [0m
Rendering template within layouts/muestras
Rendering muestras/otra
Completed in 27ms (View: 4, DB: 1) | 200 OK [http://localhost/muestras/otra/1]
  [4;35;1mSQL (0.2ms)[0m   [0mSET NAMES 'utf8'[0m
  [4;36;1mSQL (0.2ms)[0m   [0;1mSET SQL_AUTO_IS_NULL=0[0m


Processing ApplicationController#index (for 127.0.0.1 at 2010-03-24 21:30:18) [GET]

ActionController::RoutingError (No route matches "/javascripts/jquery.fancybox-1.3.1/fancyboxjquery.mousewheel-3.0.2.pack.js" with {:method=>:get}):
  

Rendering rescues/layout (not_found)
  [4;35;1mSQL (0.2ms)[0m   [0mSET NAMES 'utf8'[0m
  [4;36;1mSQL (10.9ms)[0m   [0;1mSET SQL_AUTO_IS_NULL=0[0m


Processing ApplicationController#index (for 127.0.0.1 at 2010-03-24 21:30:18) [GET]

ActionController::RoutingError (No route matches "/javascripts/jquery.fancybox-1.3.1/fancyboxjquery.fancybox-1.3.1.js" with {:method=>:get}):
  

Rendering rescues/layout (not_found)
  [4;35;1mSQL (0.2ms)[0m   [0mSET NAMES 'utf8'[0m
  [4;36;1mSQL (0.2ms)[0m   [0;1mSET SQL_AUTO_IS_NULL=0[0m


Processing ApplicationController#index (for 127.0.0.1 at 2010-03-24 21:30:18) [GET]

ActionController::RoutingError (No route matches "/javascripts/jquery.fancybox-1.3.1/fancyboxjquery.fancybox-1.3.1.css" with {:method=>:get}):
  

Rendering rescues/layout (not_found)
